<?xml version="1.0" encoding="UTF-8"?>
<Site BuildName="Linux-c++"
	BuildStamp="20170424-1540-Experimental"
	Name="CerroTorre"
	Generator="ctest-3.4.2"
	CompilerName="/usr/bin/c++"
	CompilerVersion="5.2.1"
	OSName="Linux"
	Hostname="CerroTorre"
	OSRelease="4.2.0-42-generic"
	OSVersion="#49-Ubuntu SMP Tue Jun 28 21:26:26 UTC 2016"
	OSPlatform="x86_64"
	Is64Bits="1"
	VendorString="GenuineIntel"
	VendorID="Intel Corporation"
	FamilyID="6"
	ModelID="94"
	ProcessorCacheSize="8192"
	NumberOfLogicalCPU="8"
	NumberOfPhysicalCPU="1"
	TotalVirtualMemory="63336"
	TotalPhysicalMemory="62267"
	LogicalProcessorsPerPhysical="8"
	ProcessorClockFrequency="3531.66"
	>
	<Testing>
		<StartDateTime>Apr 24 11:40 EDT</StartDateTime>
		<StartTestTime>1493048457</StartTestTime>
		<TestList>
			<Test>./apps/paramaps/Testing/itkimage2paramap_makeParametricMapFP</Test>
			<Test>./apps/seg/Testing/itkimage2segimage_makeSEG</Test>
			<Test>./apps/seg/Testing/itkimage2segimage_makeSEG_multiple_segment_files</Test>
			<Test>./apps/paramaps/Testing/itkimage2paramap_makeParametricMap</Test>
			<Test>./apps/seg/Testing/segimage2itkimage_makeNRRD</Test>
			<Test>./apps/seg/Testing/segimage2itkimage_makeNRRD_multiple_segment_files</Test>
			<Test>./apps/sr/Testing/tid1500writer_ct-liver</Test>
			<Test>./apps/sr/Testing/tid1500writer_example</Test>
			<Test>./apps/sr/Testing/tid1500reader_ct-liver</Test>
			<Test>./apps/paramaps/Testing/itkimage2paramap_hello</Test>
			<Test>./apps/paramaps/Testing/paramap2itkimage_hello</Test>
			<Test>./apps/seg/Testing/itkimage2segimage_hello</Test>
			<Test>./apps/seg/Testing/segimage2itkimage_hello</Test>
			<Test>./apps/seg/Testing/seg_meta_roundtrip</Test>
			<Test>./apps/seg/Testing/multi_seg_meta_roundtrip</Test>
			<Test>./apps/paramaps/Testing/paramap2itkimage_makeNRRDParametricMap</Test>
			<Test>./apps/sr/Testing/tid1500writer_hello</Test>
			<Test>./apps/paramaps/Testing/paramap_meta_roundtrip</Test>
			<Test>./apps/sr/Testing/tid1500reader_example</Test>
			<Test>./apps/sr/Testing/tid1500reader_hello</Test>
			<Test>./apps/paramaps/Testing/paramap2itkimage_makeNRRDParametricMapFP</Test>
			<Test>./apps/sr/Testing/tid1500_meta_roundtrip</Test>
			<Test>./apps/paramaps/Testing/paramap_FP_meta_roundtrip</Test>
		</TestList>
		<Test Status="passed">
			<Name>itkimage2paramap_makeParametricMapFP</Name>
			<Path>./apps/paramaps/Testing</Path>
			<FullName>./apps/paramaps/Testing/itkimage2paramap_makeParametricMapFP</FullName>
			<FullCommandLine>/home/jcfr/Projects/dcmqi-Release/dcmqi-build/bin/itkimage2paramap "--inputMetadata" "/home/jcfr/Projects/dcmqi/doc/examples/pm-example-float.json" "--inputImage" "/home/jcfr/Projects/dcmqi/data/paramaps//pm-example-float.nrrd" "--inputDICOMList" "/home/jcfr/Projects/dcmqi/data/paramaps//pm-example-slice.dcm" "--outputDICOM" "/home/jcfr/Projects/dcmqi-Release/dcmqi-build/Testing/Temporary/pmap/paramap-float.dcm"</FullCommandLine>
			<Results>
				<NamedMeasurement type="numeric/double" name="Execution Time">
					<Value>0.074857</Value>
				</NamedMeasurement>
				<NamedMeasurement type="text/string" name="Completion Status">
					<Value>Completed</Value>
				</NamedMeasurement>
				<NamedMeasurement type="text/string" name="Command Line">
					<Value>/home/jcfr/Projects/dcmqi-Release/dcmqi-build/bin/itkimage2paramap "--inputMetadata" "/home/jcfr/Projects/dcmqi/doc/examples/pm-example-float.json" "--inputImage" "/home/jcfr/Projects/dcmqi/data/paramaps//pm-example-float.nrrd" "--inputDICOMList" "/home/jcfr/Projects/dcmqi/data/paramaps//pm-example-slice.dcm" "--outputDICOM" "/home/jcfr/Projects/dcmqi-Release/dcmqi-build/Testing/Temporary/pmap/paramap-float.dcm"</Value>
				</NamedMeasurement>
				<Measurement>
					<Value>dcmqi repository URL: git@github.com:QIICR/dcmqi.git revision: 5c8e323 tag: latest-2-g5c8e323
Input image size: [256, 256, 20]
Directions: 0.999981 -0.00540165 -0.00298377
0.00480058 0.984755 -0.173879
0.00387751 0.173861 0.984763

(99QIICR,DWMPxxxxx1,Source image diffusion b-value): NUMERIC: 0, Units: (UCUM,s/mm2,seconds per square millimeter)), Float value(s): &lt;none&gt;
(99QIICR,DWMPxxxxx1,Source image diffusion b-value): NUMERIC: 1400, Units: (UCUM,s/mm2,seconds per square millimeter)), Float value(s): &lt;none&gt;
Mapping from the ITK image slices to the DICOM instances in the input list
  Slice 0: 0 
  Slice 1: 
  Slice 2: 
  Slice 3: 
  Slice 4: 
  Slice 5: 
  Slice 6: 
  Slice 7: 
  Slice 8: 
  Slice 9: 
  Slice 10: 
  Slice 11: 
  Slice 12: 
  Slice 13: 
  Slice 14: 
  Slice 15: 
  Slice 16: 
  Slice 17: 
  Slice 18: 
  Slice 19: 
Total of 1 source image items will be added
Frame 0 added
Frame 1 added
Frame 2 added
Frame 3 added
Frame 4 added
Frame 5 added
Frame 6 added
Frame 7 added
Frame 8 added
Frame 9 adde...
The rest of the test output was removed since it exceeds the threshold of 1024 bytes.
</Value>
				</Measurement>
			</Results>
			<Labels>
				<Label>paramap</Label>
			</Labels>
		</Test>
		<Test Status="passed">
			<Name>itkimage2segimage_makeSEG</Name>
			<Path>./apps/seg/Testing</Path>
			<FullName>./apps/seg/Testing/itkimage2segimage_makeSEG</FullName>
			<FullCommandLine>/home/jcfr/Projects/dcmqi-Release/dcmqi-build/bin/itkimage2segimage "--inputMetadata" "/home/jcfr/Projects/dcmqi/doc/examples/seg-example.json" "--inputImageList" "/home/jcfr/Projects/dcmqi/data/segmentations/liver_seg.nrrd" "--inputDICOMDirectory" "/home/jcfr/Projects/dcmqi/data/segmentations/ct-3slice" "--outputDICOM" "/home/jcfr/Projects/dcmqi-Release/dcmqi-build/Testing/Temporary/seg/liver.dcm"</FullCommandLine>
			<Results>
				<NamedMeasurement type="numeric/double" name="Execution Time">
					<Value>0.0742979</Value>
				</NamedMeasurement>
				<NamedMeasurement type="text/string" name="Completion Status">
					<Value>Completed</Value>
				</NamedMeasurement>
				<NamedMeasurement type="text/string" name="Command Line">
					<Value>/home/jcfr/Projects/dcmqi-Release/dcmqi-build/bin/itkimage2segimage "--inputMetadata" "/home/jcfr/Projects/dcmqi/doc/examples/seg-example.json" "--inputImageList" "/home/jcfr/Projects/dcmqi/data/segmentations/liver_seg.nrrd" "--inputDICOMDirectory" "/home/jcfr/Projects/dcmqi/data/segmentations/ct-3slice" "--outputDICOM" "/home/jcfr/Projects/dcmqi-Release/dcmqi-build/Testing/Temporary/seg/liver.dcm"</Value>
				</NamedMeasurement>
				<Measurement>
					<Value>dcmqi repository URL: git@github.com:QIICR/dcmqi.git revision: 5c8e323 tag: latest-2-g5c8e323
Searching recursively /home/jcfr/Projects/dcmqi/data/segmentations/ct-3slice for DICOM files
Input image size: [512, 512, 3]
Directions: 1 0 0
0 1 0
0 0 1

Processing input label Image (0x261e2c0)
  RTTI typeinfo:   itk::Image&lt;short, 3u&gt;
  Reference Count: 3
  Modified Time: 189
  Debug: Off
  Object Name: 
  Observers: 
    none
  Source: (none)
  Source output name: (none)
  Release Data: Off
  Data Released: False
  Global Release Data: Off
  PipelineMTime: 48
  UpdateMTime: 188
  RealTimeStamp: 0 seconds 
  LargestPossibleRegion: 
    Dimension: 3
    Index: [0, 0, 0]
    Size: [512, 512, 3]
  BufferedRegion: 
    Dimension: 3
    Index: [0, 0, 0]
    Size: [512, 512, 3]
  RequestedRegion: 
    Dimension: 3
    Index: [0, 0, 0]
    Size: [512, 512, 3]
  Spacing: [0.810547, 0.810547, 1]
  Origin: [-235.2, -226.8, -128.69]
  Direction: 
1 0 0
0 1 0
0 0 1

  IndexToPointMatrix: 
0.810547 0 0
0 0.810547 0
0 0 1

  Po...
The rest of the test output was removed since it exceeds the threshold of 1024 bytes.
</Value>
				</Measurement>
			</Results>
			<Labels>
				<Label>segmentation</Label>
			</Labels>
		</Test>
		<Test Status="passed">
			<Name>itkimage2segimage_makeSEG_multiple_segment_files</Name>
			<Path>./apps/seg/Testing</Path>
			<FullName>./apps/seg/Testing/itkimage2segimage_makeSEG_multiple_segment_files</FullName>
			<FullCommandLine>/home/jcfr/Projects/dcmqi-Release/dcmqi-build/bin/itkimage2segimage "--inputMetadata" "/home/jcfr/Projects/dcmqi/doc/examples/seg-example_multiple_segments.json" "--inputImageList" "/home/jcfr/Projects/dcmqi/data/segmentations/liver_seg.nrrd,/home/jcfr/Projects/dcmqi/data/segmentations/spine_seg.nrrd,/home/jcfr/Projects/dcmqi/data/segmentations/heart_seg.nrrd" "--inputDICOMList" "/home/jcfr/Projects/dcmqi/data/segmentations/ct-3slice/01.dcm,/home/jcfr/Projects/dcmqi/data/segmentations/ct-3slice/02.dcm,/home/jcfr/Projects/dcmqi/data/segmentations/ct-3slice/03.dcm" "--outputDICOM" "/home/jcfr/Projects/dcmqi-Release/dcmqi-build/Testing/Temporary/seg/liver_heart_seg.dcm"</FullCommandLine>
			<Results>
				<NamedMeasurement type="numeric/double" name="Execution Time">
					<Value>0.082839</Value>
				</NamedMeasurement>
				<NamedMeasurement type="text/string" name="Completion Status">
					<Value>Completed</Value>
				</NamedMeasurement>
				<NamedMeasurement type="text/string" name="Command Line">
					<Value>/home/jcfr/Projects/dcmqi-Release/dcmqi-build/bin/itkimage2segimage "--inputMetadata" "/home/jcfr/Projects/dcmqi/doc/examples/seg-example_multiple_segments.json" "--inputImageList" "/home/jcfr/Projects/dcmqi/data/segmentations/liver_seg.nrrd,/home/jcfr/Projects/dcmqi/data/segmentations/spine_seg.nrrd,/home/jcfr/Projects/dcmqi/data/segmentations/heart_seg.nrrd" "--inputDICOMList" "/home/jcfr/Projects/dcmqi/data/segmentations/ct-3slice/01.dcm,/home/jcfr/Projects/dcmqi/data/segmentations/ct-3slice/02.dcm,/home/jcfr/Projects/dcmqi/data/segmentations/ct-3slice/03.dcm" "--outputDICOM" "/home/jcfr/Projects/dcmqi-Release/dcmqi-build/Testing/Temporary/seg/liver_heart_seg.dcm"</Value>
				</NamedMeasurement>
				<Measurement>
					<Value>dcmqi repository URL: git@github.com:QIICR/dcmqi.git revision: 5c8e323 tag: latest-2-g5c8e323
Input image size: [512, 512, 3]
Directions: 1 0 0
0 1 0
0 0 1

Processing input label Image (0x2cb99c0)
  RTTI typeinfo:   itk::Image&lt;short, 3u&gt;
  Reference Count: 3
  Modified Time: 189
  Debug: Off
  Object Name: 
  Observers: 
    none
  Source: (none)
  Source output name: (none)
  Release Data: Off
  Data Released: False
  Global Release Data: Off
  PipelineMTime: 48
  UpdateMTime: 188
  RealTimeStamp: 0 seconds 
  LargestPossibleRegion: 
    Dimension: 3
    Index: [0, 0, 0]
    Size: [512, 512, 3]
  BufferedRegion: 
    Dimension: 3
    Index: [0, 0, 0]
    Size: [512, 512, 3]
  RequestedRegion: 
    Dimension: 3
    Index: [0, 0, 0]
    Size: [512, 512, 3]
  Spacing: [0.810547, 0.810547, 1]
  Origin: [-235.2, -226.8, -128.69]
  Direction: 
1 0 0
0 1 0
0 0 1

  IndexToPointMatrix: 
0.810547 0 0
0 0.810547 0
0 0 1

  PointToIndexMatrix: 
1.23373 0 0
0 1.23373 0
0 0 1

  Inverse Direction: 
1 0 0
0 1 0
0 0 1

  ...
The rest of the test output was removed since it exceeds the threshold of 1024 bytes.
</Value>
				</Measurement>
			</Results>
			<Labels>
				<Label>segmentation</Label>
			</Labels>
		</Test>
		<Test Status="passed">
			<Name>itkimage2paramap_makeParametricMap</Name>
			<Path>./apps/paramaps/Testing</Path>
			<FullName>./apps/paramaps/Testing/itkimage2paramap_makeParametricMap</FullName>
			<FullCommandLine>/home/jcfr/Projects/dcmqi-Release/dcmqi-build/bin/itkimage2paramap "--inputMetadata" "/home/jcfr/Projects/dcmqi/doc/examples/pm-example.json" "--inputImage" "/home/jcfr/Projects/dcmqi/data/paramaps//pm-example.nrrd" "--inputDICOMList" "/home/jcfr/Projects/dcmqi/data/paramaps//pm-example-slice.dcm" "--outputDICOM" "/home/jcfr/Projects/dcmqi-Release/dcmqi-build/Testing/Temporary/pmap/paramap.dcm"</FullCommandLine>
			<Results>
				<NamedMeasurement type="numeric/double" name="Execution Time">
					<Value>0.086499</Value>
				</NamedMeasurement>
				<NamedMeasurement type="text/string" name="Completion Status">
					<Value>Completed</Value>
				</NamedMeasurement>
				<NamedMeasurement type="text/string" name="Command Line">
					<Value>/home/jcfr/Projects/dcmqi-Release/dcmqi-build/bin/itkimage2paramap "--inputMetadata" "/home/jcfr/Projects/dcmqi/doc/examples/pm-example.json" "--inputImage" "/home/jcfr/Projects/dcmqi/data/paramaps//pm-example.nrrd" "--inputDICOMList" "/home/jcfr/Projects/dcmqi/data/paramaps//pm-example-slice.dcm" "--outputDICOM" "/home/jcfr/Projects/dcmqi-Release/dcmqi-build/Testing/Temporary/pmap/paramap.dcm"</Value>
				</NamedMeasurement>
				<Measurement>
					<Value>dcmqi repository URL: git@github.com:QIICR/dcmqi.git revision: 5c8e323 tag: latest-2-g5c8e323
Input image size: [256, 256, 20]
Directions: 0.999981 -0.00540165 -0.00298377
0.00480058 0.984755 -0.173879
0.00387751 0.173861 0.984763

(99QIICR,DWMPxxxxx1,Source image diffusion b-value): NUMERIC: 0, Units: (UCUM,s/mm2,seconds per square millimeter)), Float value(s): &lt;none&gt;
(99QIICR,DWMPxxxxx1,Source image diffusion b-value): NUMERIC: 1400, Units: (UCUM,s/mm2,seconds per square millimeter)), Float value(s): &lt;none&gt;
Mapping from the ITK image slices to the DICOM instances in the input list
  Slice 0: 0 
  Slice 1: 
  Slice 2: 
  Slice 3: 
  Slice 4: 
  Slice 5: 
  Slice 6: 
  Slice 7: 
  Slice 8: 
  Slice 9: 
  Slice 10: 
  Slice 11: 
  Slice 12: 
  Slice 13: 
  Slice 14: 
  Slice 15: 
  Slice 16: 
  Slice 17: 
  Slice 18: 
  Slice 19: 
Total of 1 source image items will be added
Frame 0 added
Frame 1 added
Frame 2 added
Frame 3 added
Frame 4 added
Frame 5 added
Frame 6 added
Frame 7 added
Frame 8 added
Frame 9 adde...
The rest of the test output was removed since it exceeds the threshold of 1024 bytes.
</Value>
				</Measurement>
			</Results>
			<Labels>
				<Label>paramap</Label>
			</Labels>
		</Test>
		<Test Status="passed">
			<Name>segimage2itkimage_makeNRRD</Name>
			<Path>./apps/seg/Testing</Path>
			<FullName>./apps/seg/Testing/segimage2itkimage_makeNRRD</FullName>
			<FullCommandLine>/home/jcfr/Projects/dcmqi-Release/dcmqi-build/bin/segimage2itkimageTest "--compare" "/home/jcfr/Projects/dcmqi/data/segmentations/liver_seg.nrrd" "/home/jcfr/Projects/dcmqi-Release/dcmqi-build/Testing/Temporary/seg/makeNRRD-1.nrrd" "segimage2itkimageTest" "--inputDICOM" "/home/jcfr/Projects/dcmqi-Release/dcmqi-build/Testing/Temporary/seg/liver.dcm" "--outputDirectory" "/home/jcfr/Projects/dcmqi-Release/dcmqi-build/Testing/Temporary/seg" "--outputType" "nrrd" "--prefix" "makeNRRD"</FullCommandLine>
			<Results>
				<NamedMeasurement name="BaselineImageName" type="text/string">
					<Value>liver_seg.nrrd</Value>
				</NamedMeasurement>
				<NamedMeasurement type="numeric/double" name="Execution Time">
					<Value>0.045851</Value>
				</NamedMeasurement>
				<NamedMeasurement type="text/string" name="Completion Status">
					<Value>Completed</Value>
				</NamedMeasurement>
				<NamedMeasurement type="text/string" name="Command Line">
					<Value>/home/jcfr/Projects/dcmqi-Release/dcmqi-build/bin/segimage2itkimageTest "--compare" "/home/jcfr/Projects/dcmqi/data/segmentations/liver_seg.nrrd" "/home/jcfr/Projects/dcmqi-Release/dcmqi-build/Testing/Temporary/seg/makeNRRD-1.nrrd" "segimage2itkimageTest" "--inputDICOM" "/home/jcfr/Projects/dcmqi-Release/dcmqi-build/Testing/Temporary/seg/liver.dcm" "--outputDirectory" "/home/jcfr/Projects/dcmqi-Release/dcmqi-build/Testing/Temporary/seg" "--outputType" "nrrd" "--prefix" "makeNRRD"</Value>
				</NamedMeasurement>
				<Measurement>
					<Value>dcmqi repository URL: git@github.com:QIICR/dcmqi.git revision: 5c8e323 tag: latest-2-g5c8e323
E: Invalid value for attribute Segmentation Fractional Type: 
Row direction: 1 0 0
Col direction: 0 1 0
Z direction: 0 0 1
Total frames: 3
Total frames with unique IPP: 3
Total overlapping frames: 0
Origin: [-235.2, -226.8, -128.69]

</Value>
				</Measurement>
			</Results>
			<Labels>
				<Label>segmentation</Label>
			</Labels>
		</Test>
		<Test Status="passed">
			<Name>segimage2itkimage_makeNRRD_multiple_segment_files</Name>
			<Path>./apps/seg/Testing</Path>
			<FullName>./apps/seg/Testing/segimage2itkimage_makeNRRD_multiple_segment_files</FullName>
			<FullCommandLine>/home/jcfr/Projects/dcmqi-Release/dcmqi-build/bin/segimage2itkimageTest "--compare" "/home/jcfr/Projects/dcmqi/data/segmentations/liver_seg.nrrd" "/home/jcfr/Projects/dcmqi-Release/dcmqi-build/Testing/Temporary/seg/makeNRRD_multiple_segments-1.nrrd" "--compare" "/home/jcfr/Projects/dcmqi/data/segmentations/spine_seg.nrrd" "/home/jcfr/Projects/dcmqi-Release/dcmqi-build/Testing/Temporary/seg/makeNRRD_multiple_segments-2.nrrd" "--compare" "/home/jcfr/Projects/dcmqi/data/segmentations/heart_seg.nrrd" "/home/jcfr/Projects/dcmqi-Release/dcmqi-build/Testing/Temporary/seg/makeNRRD_multiple_segments-3.nrrd" "segimage2itkimageTest" "--inputDICOM" "/home/jcfr/Projects/dcmqi-Release/dcmqi-build/Testing/Temporary/seg/liver_heart_seg.dcm" "--outputDirectory" "/home/jcfr/Projects/dcmqi-Release/dcmqi-build/Testing/Temporary/seg" "--prefix" "makeNRRD_multiple_segments"</FullCommandLine>
			<Results>
				<NamedMeasurement name="BaselineImageName" type="text/string">
					<Value>liver_seg.nrrd</Value>
				</NamedMeasurement>
				<NamedMeasurement name="BaselineImageName" type="text/string">
					<Value>spine_seg.nrrd</Value>
				</NamedMeasurement>
				<NamedMeasurement name="BaselineImageName" type="text/string">
					<Value>heart_seg.nrrd</Value>
				</NamedMeasurement>
				<NamedMeasurement type="numeric/double" name="Execution Time">
					<Value>0.136646</Value>
				</NamedMeasurement>
				<NamedMeasurement type="text/string" name="Completion Status">
					<Value>Completed</Value>
				</NamedMeasurement>
				<NamedMeasurement type="text/string" name="Command Line">
					<Value>/home/jcfr/Projects/dcmqi-Release/dcmqi-build/bin/segimage2itkimageTest "--compare" "/home/jcfr/Projects/dcmqi/data/segmentations/liver_seg.nrrd" "/home/jcfr/Projects/dcmqi-Release/dcmqi-build/Testing/Temporary/seg/makeNRRD_multiple_segments-1.nrrd" "--compare" "/home/jcfr/Projects/dcmqi/data/segmentations/spine_seg.nrrd" "/home/jcfr/Projects/dcmqi-Release/dcmqi-build/Testing/Temporary/seg/makeNRRD_multiple_segments-2.nrrd" "--compare" "/home/jcfr/Projects/dcmqi/data/segmentations/heart_seg.nrrd" "/home/jcfr/Projects/dcmqi-Release/dcmqi-build/Testing/Temporary/seg/makeNRRD_multiple_segments-3.nrrd" "segimage2itkimageTest" "--inputDICOM" "/home/jcfr/Projects/dcmqi-Release/dcmqi-build/Testing/Temporary/seg/liver_heart_seg.dcm" "--outputDirectory" "/home/jcfr/Projects/dcmqi-Release/dcmqi-build/Testing/Temporary/seg" "--prefix" "makeNRRD_multiple_segments"</Value>
				</NamedMeasurement>
				<Measurement>
					<Value>dcmqi repository URL: git@github.com:QIICR/dcmqi.git revision: 5c8e323 tag: latest-2-g5c8e323
E: Invalid value for attribute Segmentation Fractional Type: 
Row direction: 1 0 0
Col direction: 0 1 0
Z direction: 0 0 1
Total frames: 9
Total frames with unique IPP: 3
Total overlapping frames: 3
Origin: [-235.2, -226.8, -128.69]



</Value>
				</Measurement>
			</Results>
			<Labels>
				<Label>segmentation</Label>
			</Labels>
		</Test>
		<Test Status="passed">
			<Name>tid1500writer_ct-liver</Name>
			<Path>./apps/sr/Testing</Path>
			<FullName>./apps/sr/Testing/tid1500writer_ct-liver</FullName>
			<FullCommandLine>/home/jcfr/Projects/dcmqi-Release/dcmqi-build/bin/tid1500writer "--inputMetadata" "/home/jcfr/Projects/dcmqi/doc/examples/sr-tid1500-ct-liver-example.json" "--inputImageLibraryDirectory" "/home/jcfr/Projects/dcmqi/data/segmentations/ct-3slice" "--inputCompositeContextDirectory" "/home/jcfr/Projects/dcmqi/data/segmentations" "--outputDICOM" "/home/jcfr/Projects/dcmqi-Release/dcmqi-build/Testing/Temporary/tid1500/sr-tid1500-ct-liver-example.dcm"</FullCommandLine>
			<Results>
				<NamedMeasurement type="numeric/double" name="Execution Time">
					<Value>0.238579</Value>
				</NamedMeasurement>
				<NamedMeasurement type="text/string" name="Completion Status">
					<Value>Completed</Value>
				</NamedMeasurement>
				<NamedMeasurement type="text/string" name="Command Line">
					<Value>/home/jcfr/Projects/dcmqi-Release/dcmqi-build/bin/tid1500writer "--inputMetadata" "/home/jcfr/Projects/dcmqi/doc/examples/sr-tid1500-ct-liver-example.json" "--inputImageLibraryDirectory" "/home/jcfr/Projects/dcmqi/data/segmentations/ct-3slice" "--inputCompositeContextDirectory" "/home/jcfr/Projects/dcmqi/data/segmentations" "--outputDICOM" "/home/jcfr/Projects/dcmqi-Release/dcmqi-build/Testing/Temporary/tid1500/sr-tid1500-ct-liver-example.dcm"</Value>
				</NamedMeasurement>
				<Measurement>
					<Value>dcmqi repository URL: git@github.com:QIICR/dcmqi.git revision: 5c8e323 tag: latest-2-g5c8e323
Loading /home/jcfr/Projects/dcmqi/data/segmentations/ct-3slice/01.dcm
Loading /home/jcfr/Projects/dcmqi/data/segmentations/ct-3slice/02.dcm
Loading /home/jcfr/Projects/dcmqi/data/segmentations/ct-3slice/03.dcm
Total measurement groups: 1
Composite Context initialized
SR saved!
</Value>
				</Measurement>
			</Results>
			<Labels>
				<Label>tid1500</Label>
			</Labels>
		</Test>
		<Test Status="passed">
			<Name>tid1500writer_example</Name>
			<Path>./apps/sr/Testing</Path>
			<FullName>./apps/sr/Testing/tid1500writer_example</FullName>
			<FullCommandLine>/home/jcfr/Projects/dcmqi-Release/dcmqi-build/bin/tid1500writer "--inputMetadata" "/home/jcfr/Projects/dcmqi/doc/examples/sr-tid1500-example.json" "--inputImageLibraryDirectory" "/home/jcfr/Projects/dcmqi/data/segmentations/ct-3slice" "--inputCompositeContextDirectory" "/home/jcfr/Projects/dcmqi/data/sr-example" "--outputDICOM" "/home/jcfr/Projects/dcmqi-Release/dcmqi-build/Testing/Temporary/tid1500/sr-tid1500-example.dcm"</FullCommandLine>
			<Results>
				<NamedMeasurement type="numeric/double" name="Execution Time">
					<Value>0.027256</Value>
				</NamedMeasurement>
				<NamedMeasurement type="text/string" name="Completion Status">
					<Value>Completed</Value>
				</NamedMeasurement>
				<NamedMeasurement type="text/string" name="Command Line">
					<Value>/home/jcfr/Projects/dcmqi-Release/dcmqi-build/bin/tid1500writer "--inputMetadata" "/home/jcfr/Projects/dcmqi/doc/examples/sr-tid1500-example.json" "--inputImageLibraryDirectory" "/home/jcfr/Projects/dcmqi/data/segmentations/ct-3slice" "--inputCompositeContextDirectory" "/home/jcfr/Projects/dcmqi/data/sr-example" "--outputDICOM" "/home/jcfr/Projects/dcmqi-Release/dcmqi-build/Testing/Temporary/tid1500/sr-tid1500-example.dcm"</Value>
				</NamedMeasurement>
				<Measurement>
					<Value>dcmqi repository URL: git@github.com:QIICR/dcmqi.git revision: 5c8e323 tag: latest-2-g5c8e323
Loading /home/jcfr/Projects/dcmqi/data/segmentations/ct-3slice/01.dcm
Loading /home/jcfr/Projects/dcmqi/data/segmentations/ct-3slice/02.dcm
Total measurement groups: 1
Composite Context initialized
SR saved!
</Value>
				</Measurement>
			</Results>
			<Labels>
				<Label>tid1500</Label>
			</Labels>
		</Test>
		<Test Status="passed">
			<Name>tid1500reader_ct-liver</Name>
			<Path>./apps/sr/Testing</Path>
			<FullName>./apps/sr/Testing/tid1500reader_ct-liver</FullName>
			<FullCommandLine>/home/jcfr/Projects/dcmqi-Release/dcmqi-build/bin/tid1500reader "--inputDICOM" "/home/jcfr/Projects/dcmqi-Release/dcmqi-build/Testing/Temporary/tid1500/sr-tid1500-ct-liver-example.dcm" "--outputMetadata" "/home/jcfr/Projects/dcmqi-Release/dcmqi-build/Testing/Temporary/tid1500/sr-tid1500-ct-liver-example.json"</FullCommandLine>
			<Results>
				<NamedMeasurement type="numeric/double" name="Execution Time">
					<Value>0.126907</Value>
				</NamedMeasurement>
				<NamedMeasurement type="text/string" name="Completion Status">
					<Value>Completed</Value>
				</NamedMeasurement>
				<NamedMeasurement type="text/string" name="Command Line">
					<Value>/home/jcfr/Projects/dcmqi-Release/dcmqi-build/bin/tid1500reader "--inputDICOM" "/home/jcfr/Projects/dcmqi-Release/dcmqi-build/Testing/Temporary/tid1500/sr-tid1500-ct-liver-example.dcm" "--outputMetadata" "/home/jcfr/Projects/dcmqi-Release/dcmqi-build/Testing/Temporary/tid1500/sr-tid1500-ct-liver-example.json"</Value>
				</NamedMeasurement>
				<Measurement>
					<Value>dcmqi repository URL: git@github.com:QIICR/dcmqi.git revision: 5c8e323 tag: latest-2-g5c8e323
Number of verifying observers: 1
Activity Session: 1
Reference Segment: 1
SourceSeriesForImageSegmentation: 1.2.392.200103.20080913.113635.1.2009.6.22.21.43.10.23430.1
TrackingIdentifier: Measurements group 1
</Value>
				</Measurement>
			</Results>
			<Labels>
				<Label>tid1500</Label>
			</Labels>
		</Test>
		<Test Status="passed">
			<Name>itkimage2paramap_hello</Name>
			<Path>./apps/paramaps/Testing</Path>
			<FullName>./apps/paramaps/Testing/itkimage2paramap_hello</FullName>
			<FullCommandLine>/home/jcfr/Projects/dcmqi-Release/dcmqi-build/bin/itkimage2paramap "--help"</FullCommandLine>
			<Results>
				<NamedMeasurement type="numeric/double" name="Execution Time">
					<Value>0.126802</Value>
				</NamedMeasurement>
				<NamedMeasurement type="text/string" name="Completion Status">
					<Value>Completed</Value>
				</NamedMeasurement>
				<NamedMeasurement type="text/string" name="Command Line">
					<Value>/home/jcfr/Projects/dcmqi-Release/dcmqi-build/bin/itkimage2paramap "--help"</Value>
				</NamedMeasurement>
				<Measurement>
					<Value>dcmqi repository URL: git@github.com:QIICR/dcmqi.git revision: 5c8e323 tag: latest-2-g5c8e323

USAGE: 

   /home/jcfr/Projects/dcmqi-Release/dcmqi-build/bin/itkimage2paramap 
                                        [--returnparameterfile
                                        &lt;std::string&gt;]
                                        [--processinformationaddress
                                        &lt;std::string&gt;] [--xml] [--echo]
                                        [--inputDICOMList
                                        &lt;std::vector&lt;std::string&gt;&gt;]
                                        [--inputDICOMDirectory
                                        &lt;std::string&gt;] [--outputDICOM
                                        &lt;std::string&gt;] [--inputMetadata
                                        &lt;std::string&gt;] [--inputImage
                                        &lt;std::string&gt;] [--] [--version]
                                        [-h]


Where: 

   --returnparameterfile &lt;std::string&gt;
     Filename in which ...
The rest of the test output was removed since it exceeds the threshold of 1024 bytes.
</Value>
				</Measurement>
			</Results>
			<Labels>
				<Label>paramap</Label>
			</Labels>
		</Test>
		<Test Status="passed">
			<Name>paramap2itkimage_hello</Name>
			<Path>./apps/paramaps/Testing</Path>
			<FullName>./apps/paramaps/Testing/paramap2itkimage_hello</FullName>
			<FullCommandLine>/home/jcfr/Projects/dcmqi-Release/dcmqi-build/bin/paramap2itkimage "--help"</FullCommandLine>
			<Results>
				<NamedMeasurement type="numeric/double" name="Execution Time">
					<Value>0.00211</Value>
				</NamedMeasurement>
				<NamedMeasurement type="text/string" name="Completion Status">
					<Value>Completed</Value>
				</NamedMeasurement>
				<NamedMeasurement type="text/string" name="Command Line">
					<Value>/home/jcfr/Projects/dcmqi-Release/dcmqi-build/bin/paramap2itkimage "--help"</Value>
				</NamedMeasurement>
				<Measurement>
					<Value>dcmqi repository URL: git@github.com:QIICR/dcmqi.git revision: 5c8e323 tag: latest-2-g5c8e323

USAGE: 

   /home/jcfr/Projects/dcmqi-Release/dcmqi-build/bin/paramap2itkimage 
                                        [--returnparameterfile
                                        &lt;std::string&gt;]
                                        [--processinformationaddress
                                        &lt;std::string&gt;] [--xml] [--echo] [-n
                                        &lt;std::string&gt;] [-t &lt;nrrd|mhd|mha
                                        |nii|nifti|hdr|img&gt;]
                                        [--outputDirectory &lt;std::string&gt;]
                                        [--inputDICOM &lt;std::string&gt;] [--]
                                        [--version] [-h]


Where: 

   --returnparameterfile &lt;std::string&gt;
     Filename in which to write simple return parameters (int, float,
     int-vector, etc.) as opposed to bulk return parameters (image,
     geometry, transform, measurement, table).

   --proces...
The rest of the test output was removed since it exceeds the threshold of 1024 bytes.
</Value>
				</Measurement>
			</Results>
			<Labels>
				<Label>paramap</Label>
			</Labels>
		</Test>
		<Test Status="passed">
			<Name>itkimage2segimage_hello</Name>
			<Path>./apps/seg/Testing</Path>
			<FullName>./apps/seg/Testing/itkimage2segimage_hello</FullName>
			<FullCommandLine>/home/jcfr/Projects/dcmqi-Release/dcmqi-build/bin/itkimage2segimage "--help"</FullCommandLine>
			<Results>
				<NamedMeasurement type="numeric/double" name="Execution Time">
					<Value>0.00223994</Value>
				</NamedMeasurement>
				<NamedMeasurement type="text/string" name="Completion Status">
					<Value>Completed</Value>
				</NamedMeasurement>
				<NamedMeasurement type="text/string" name="Command Line">
					<Value>/home/jcfr/Projects/dcmqi-Release/dcmqi-build/bin/itkimage2segimage "--help"</Value>
				</NamedMeasurement>
				<Measurement>
					<Value>dcmqi repository URL: git@github.com:QIICR/dcmqi.git revision: 5c8e323 tag: latest-2-g5c8e323

USAGE: 

   /home/jcfr/Projects/dcmqi-Release/dcmqi-build/bin/itkimage2segimage 
                                        [--returnparameterfile
                                        &lt;std::string&gt;]
                                        [--processinformationaddress
                                        &lt;std::string&gt;] [--xml] [--echo]
                                        [--skip] [--inputImageList
                                        &lt;std::vector&lt;std::string&gt;&gt;]
                                        [--inputDICOMDirectory
                                        &lt;std::string&gt;] [--inputDICOMList
                                        &lt;std::vector&lt;std::string&gt;&gt;]
                                        [--outputDICOM &lt;std::string&gt;]
                                        [--inputMetadata &lt;std::string&gt;]
                                        [--] [--version] [-h]


Where: 

   --returnparameterfile &lt;std::stri...
The rest of the test output was removed since it exceeds the threshold of 1024 bytes.
</Value>
				</Measurement>
			</Results>
			<Labels>
				<Label>segmentation</Label>
			</Labels>
		</Test>
		<Test Status="passed">
			<Name>segimage2itkimage_hello</Name>
			<Path>./apps/seg/Testing</Path>
			<FullName>./apps/seg/Testing/segimage2itkimage_hello</FullName>
			<FullCommandLine>/home/jcfr/Projects/dcmqi-Release/dcmqi-build/bin/segimage2itkimage "--help"</FullCommandLine>
			<Results>
				<NamedMeasurement type="numeric/double" name="Execution Time">
					<Value>0.102417</Value>
				</NamedMeasurement>
				<NamedMeasurement type="text/string" name="Completion Status">
					<Value>Completed</Value>
				</NamedMeasurement>
				<NamedMeasurement type="text/string" name="Command Line">
					<Value>/home/jcfr/Projects/dcmqi-Release/dcmqi-build/bin/segimage2itkimage "--help"</Value>
				</NamedMeasurement>
				<Measurement>
					<Value>dcmqi repository URL: git@github.com:QIICR/dcmqi.git revision: 5c8e323 tag: latest-2-g5c8e323

USAGE: 

   /home/jcfr/Projects/dcmqi-Release/dcmqi-build/bin/segimage2itkimage 
                                        [--returnparameterfile
                                        &lt;std::string&gt;]
                                        [--processinformationaddress
                                        &lt;std::string&gt;] [--xml] [--echo] [-t
                                        &lt;nrrd|mhd|mha|nii|nifti|hdr|img&gt;]
                                        [-p &lt;std::string&gt;]
                                        [--outputDirectory &lt;std::string&gt;]
                                        [--inputDICOM &lt;std::string&gt;] [--]
                                        [--version] [-h]


Where: 

   --returnparameterfile &lt;std::string&gt;
     Filename in which to write simple return parameters (int, float,
     int-vector, etc.) as opposed to bulk return parameters (image,
     geometry, transform, measurement, table).

   --proces...
The rest of the test output was removed since it exceeds the threshold of 1024 bytes.
</Value>
				</Measurement>
			</Results>
			<Labels>
				<Label>segmentation</Label>
			</Labels>
		</Test>
		<Test Status="passed">
			<Name>seg_meta_roundtrip</Name>
			<Path>./apps/seg/Testing</Path>
			<FullName>./apps/seg/Testing/seg_meta_roundtrip</FullName>
			<FullCommandLine>/usr/bin/python "/home/jcfr/Projects/dcmqi/util/comparejson.py" "/home/jcfr/Projects/dcmqi/doc/examples/seg-example.json" "/home/jcfr/Projects/dcmqi-Release/dcmqi-build/Testing/Temporary/seg/makeNRRD-meta.json"</FullCommandLine>
			<Results>
				<NamedMeasurement type="numeric/double" name="Execution Time">
					<Value>0.012028</Value>
				</NamedMeasurement>
				<NamedMeasurement type="text/string" name="Completion Status">
					<Value>Completed</Value>
				</NamedMeasurement>
				<NamedMeasurement type="text/string" name="Command Line">
					<Value>/usr/bin/python "/home/jcfr/Projects/dcmqi/util/comparejson.py" "/home/jcfr/Projects/dcmqi/doc/examples/seg-example.json" "/home/jcfr/Projects/dcmqi-Release/dcmqi-build/Testing/Temporary/seg/makeNRRD-meta.json"</Value>
				</NamedMeasurement>
				<Measurement>
					<Value></Value>
				</Measurement>
			</Results>
			<Labels>
				<Label>segmentation</Label>
			</Labels>
		</Test>
		<Test Status="passed">
			<Name>multi_seg_meta_roundtrip</Name>
			<Path>./apps/seg/Testing</Path>
			<FullName>./apps/seg/Testing/multi_seg_meta_roundtrip</FullName>
			<FullCommandLine>/usr/bin/python "/home/jcfr/Projects/dcmqi/util/comparejson.py" "/home/jcfr/Projects/dcmqi/doc/examples/seg-example_multiple_segments.json" "/home/jcfr/Projects/dcmqi-Release/dcmqi-build/Testing/Temporary/seg/makeNRRD_multiple_segments-meta.json" "['labelID']"</FullCommandLine>
			<Results>
				<NamedMeasurement type="numeric/double" name="Execution Time">
					<Value>0.0114899</Value>
				</NamedMeasurement>
				<NamedMeasurement type="text/string" name="Completion Status">
					<Value>Completed</Value>
				</NamedMeasurement>
				<NamedMeasurement type="text/string" name="Command Line">
					<Value>/usr/bin/python "/home/jcfr/Projects/dcmqi/util/comparejson.py" "/home/jcfr/Projects/dcmqi/doc/examples/seg-example_multiple_segments.json" "/home/jcfr/Projects/dcmqi-Release/dcmqi-build/Testing/Temporary/seg/makeNRRD_multiple_segments-meta.json" "['labelID']"</Value>
				</NamedMeasurement>
				<Measurement>
					<Value></Value>
				</Measurement>
			</Results>
			<Labels>
				<Label>segmentation</Label>
			</Labels>
		</Test>
		<Test Status="passed">
			<Name>paramap2itkimage_makeNRRDParametricMap</Name>
			<Path>./apps/paramaps/Testing</Path>
			<FullName>./apps/paramaps/Testing/paramap2itkimage_makeNRRDParametricMap</FullName>
			<FullCommandLine>/home/jcfr/Projects/dcmqi-Release/dcmqi-build/bin/paramap2itkimageTest "--compare" "/home/jcfr/Projects/dcmqi/data/paramaps//pm-example.nrrd" "/home/jcfr/Projects/dcmqi-Release/dcmqi-build/Testing/Temporary/pmap/makeNRRDParametricMap-pmap.nrrd" "paramap2itkimageTest" "--inputDICOM" "/home/jcfr/Projects/dcmqi-Release/dcmqi-build/Testing/Temporary/pmap/paramap.dcm" "--outputDirectory" "/home/jcfr/Projects/dcmqi-Release/dcmqi-build/Testing/Temporary/pmap" "--prefix" "makeNRRDParametricMap"</FullCommandLine>
			<Results>
				<NamedMeasurement name="BaselineImageName" type="text/string">
					<Value>pm-example.nrrd</Value>
				</NamedMeasurement>
				<NamedMeasurement type="numeric/double" name="Execution Time">
					<Value>0.490647</Value>
				</NamedMeasurement>
				<NamedMeasurement type="text/string" name="Completion Status">
					<Value>Completed</Value>
				</NamedMeasurement>
				<NamedMeasurement type="text/string" name="Command Line">
					<Value>/home/jcfr/Projects/dcmqi-Release/dcmqi-build/bin/paramap2itkimageTest "--compare" "/home/jcfr/Projects/dcmqi/data/paramaps//pm-example.nrrd" "/home/jcfr/Projects/dcmqi-Release/dcmqi-build/Testing/Temporary/pmap/makeNRRDParametricMap-pmap.nrrd" "paramap2itkimageTest" "--inputDICOM" "/home/jcfr/Projects/dcmqi-Release/dcmqi-build/Testing/Temporary/pmap/paramap.dcm" "--outputDirectory" "/home/jcfr/Projects/dcmqi-Release/dcmqi-build/Testing/Temporary/pmap" "--prefix" "makeNRRDParametricMap"</Value>
				</NamedMeasurement>
				<Measurement>
					<Value>dcmqi repository URL: git@github.com:QIICR/dcmqi.git revision: 5c8e323 tag: latest-2-g5c8e323
Opening input file /home/jcfr/Projects/dcmqi-Release/dcmqi-build/Testing/Temporary/pmap/paramap.dcm
Row direction: 0.999981 0.00480058 0.00387751
Col direction: -0.00540165 0.984755 0.173861
Z direction: -0.00298377 -0.173879 0.984763
Total frames: 20
Total frames with unique IPP: 20
Total overlapping frames: 0
Origin: [-90.0225, -108.462, -43.9748]

</Value>
				</Measurement>
			</Results>
			<Labels>
				<Label>paramap</Label>
			</Labels>
		</Test>
		<Test Status="passed">
			<Name>tid1500writer_hello</Name>
			<Path>./apps/sr/Testing</Path>
			<FullName>./apps/sr/Testing/tid1500writer_hello</FullName>
			<FullCommandLine>/home/jcfr/Projects/dcmqi-Release/dcmqi-build/bin/tid1500writer "--help"</FullCommandLine>
			<Results>
				<NamedMeasurement type="numeric/double" name="Execution Time">
					<Value>0.01912</Value>
				</NamedMeasurement>
				<NamedMeasurement type="text/string" name="Completion Status">
					<Value>Completed</Value>
				</NamedMeasurement>
				<NamedMeasurement type="text/string" name="Command Line">
					<Value>/home/jcfr/Projects/dcmqi-Release/dcmqi-build/bin/tid1500writer "--help"</Value>
				</NamedMeasurement>
				<Measurement>
					<Value>dcmqi repository URL: git@github.com:QIICR/dcmqi.git revision: 5c8e323 tag: latest-2-g5c8e323

USAGE: 

   /home/jcfr/Projects/dcmqi-Release/dcmqi-build/bin/tid1500writer 
                                        [--returnparameterfile
                                        &lt;std::string&gt;]
                                        [--processinformationaddress
                                        &lt;std::string&gt;] [--xml] [--echo]
                                        [--inputImageLibraryDirectory
                                        &lt;std::string&gt;]
                                        [--inputCompositeContextDirectory
                                        &lt;std::string&gt;] [--outputDICOM
                                        &lt;std::string&gt;] [--inputMetadata
                                        &lt;std::string&gt;] [--] [--version]
                                        [-h]


Where: 

   --returnparameterfile &lt;std::string&gt;
     Filename in which to write simple return parameters (int, float,
     int-vector...
The rest of the test output was removed since it exceeds the threshold of 1024 bytes.
</Value>
				</Measurement>
			</Results>
			<Labels>
				<Label>tid1500</Label>
			</Labels>
		</Test>
		<Test Status="passed">
			<Name>paramap_meta_roundtrip</Name>
			<Path>./apps/paramaps/Testing</Path>
			<FullName>./apps/paramaps/Testing/paramap_meta_roundtrip</FullName>
			<FullCommandLine>/usr/bin/python "/home/jcfr/Projects/dcmqi/util/comparejson.py" "/home/jcfr/Projects/dcmqi/doc/examples/pm-example.json" "/home/jcfr/Projects/dcmqi-Release/dcmqi-build/Testing/Temporary/pmap/makeNRRDParametricMap-meta.json"</FullCommandLine>
			<Results>
				<NamedMeasurement type="numeric/double" name="Execution Time">
					<Value>0.101556</Value>
				</NamedMeasurement>
				<NamedMeasurement type="text/string" name="Completion Status">
					<Value>Completed</Value>
				</NamedMeasurement>
				<NamedMeasurement type="text/string" name="Command Line">
					<Value>/usr/bin/python "/home/jcfr/Projects/dcmqi/util/comparejson.py" "/home/jcfr/Projects/dcmqi/doc/examples/pm-example.json" "/home/jcfr/Projects/dcmqi-Release/dcmqi-build/Testing/Temporary/pmap/makeNRRDParametricMap-meta.json"</Value>
				</NamedMeasurement>
				<Measurement>
					<Value></Value>
				</Measurement>
			</Results>
			<Labels>
				<Label>paramap</Label>
			</Labels>
		</Test>
		<Test Status="passed">
			<Name>tid1500reader_example</Name>
			<Path>./apps/sr/Testing</Path>
			<FullName>./apps/sr/Testing/tid1500reader_example</FullName>
			<FullCommandLine>/home/jcfr/Projects/dcmqi-Release/dcmqi-build/bin/tid1500reader "--inputDICOM" "/home/jcfr/Projects/dcmqi-Release/dcmqi-build/Testing/Temporary/tid1500/sr-tid1500-example.dcm" "--outputMetadata" "/home/jcfr/Projects/dcmqi-Release/dcmqi-build/Testing/Temporary/tid1500/sr-tid1500-example.json"</FullCommandLine>
			<Results>
				<NamedMeasurement type="numeric/double" name="Execution Time">
					<Value>0.100685</Value>
				</NamedMeasurement>
				<NamedMeasurement type="text/string" name="Completion Status">
					<Value>Completed</Value>
				</NamedMeasurement>
				<NamedMeasurement type="text/string" name="Command Line">
					<Value>/home/jcfr/Projects/dcmqi-Release/dcmqi-build/bin/tid1500reader "--inputDICOM" "/home/jcfr/Projects/dcmqi-Release/dcmqi-build/Testing/Temporary/tid1500/sr-tid1500-example.dcm" "--outputMetadata" "/home/jcfr/Projects/dcmqi-Release/dcmqi-build/Testing/Temporary/tid1500/sr-tid1500-example.json"</Value>
				</NamedMeasurement>
				<Measurement>
					<Value>dcmqi repository URL: git@github.com:QIICR/dcmqi.git revision: 5c8e323 tag: latest-2-g5c8e323
Number of verifying observers: 1
Activity Session: 1
Reference Segment: 1
SourceSeriesForImageSegmentation: 1.3.6.1.4.1.14519.5.2.1.2744.7002.261560220703676715130542397405
TrackingIdentifier: Measurements group 1
</Value>
				</Measurement>
			</Results>
			<Labels>
				<Label>tid1500</Label>
			</Labels>
		</Test>
		<Test Status="passed">
			<Name>tid1500reader_hello</Name>
			<Path>./apps/sr/Testing</Path>
			<FullName>./apps/sr/Testing/tid1500reader_hello</FullName>
			<FullCommandLine>/home/jcfr/Projects/dcmqi-Release/dcmqi-build/bin/tid1500reader "--help"</FullCommandLine>
			<Results>
				<NamedMeasurement type="numeric/double" name="Execution Time">
					<Value>0.101476</Value>
				</NamedMeasurement>
				<NamedMeasurement type="text/string" name="Completion Status">
					<Value>Completed</Value>
				</NamedMeasurement>
				<NamedMeasurement type="text/string" name="Command Line">
					<Value>/home/jcfr/Projects/dcmqi-Release/dcmqi-build/bin/tid1500reader "--help"</Value>
				</NamedMeasurement>
				<Measurement>
					<Value>dcmqi repository URL: git@github.com:QIICR/dcmqi.git revision: 5c8e323 tag: latest-2-g5c8e323

USAGE: 

   /home/jcfr/Projects/dcmqi-Release/dcmqi-build/bin/tid1500reader 
                                        [--returnparameterfile
                                        &lt;std::string&gt;]
                                        [--processinformationaddress
                                        &lt;std::string&gt;] [--xml] [--echo]
                                        [--outputMetadata &lt;std::string&gt;]
                                        [--inputDICOM &lt;std::string&gt;] [--]
                                        [--version] [-h]


Where: 

   --returnparameterfile &lt;std::string&gt;
     Filename in which to write simple return parameters (int, float,
     int-vector, etc.) as opposed to bulk return parameters (image,
     geometry, transform, measurement, table).

   --processinformationaddress &lt;std::string&gt;
     Address of a structure to store process information (progress, abort,
     etc.). (default: 0)

   --xm...
The rest of the test output was removed since it exceeds the threshold of 1024 bytes.
</Value>
				</Measurement>
			</Results>
			<Labels>
				<Label>tid1500</Label>
			</Labels>
		</Test>
		<Test Status="passed">
			<Name>paramap2itkimage_makeNRRDParametricMapFP</Name>
			<Path>./apps/paramaps/Testing</Path>
			<FullName>./apps/paramaps/Testing/paramap2itkimage_makeNRRDParametricMapFP</FullName>
			<FullCommandLine>/home/jcfr/Projects/dcmqi-Release/dcmqi-build/bin/paramap2itkimageTest "--compare" "/home/jcfr/Projects/dcmqi/data/paramaps//pm-example-float.nrrd" "/home/jcfr/Projects/dcmqi-Release/dcmqi-build/Testing/Temporary/pmap/makeNRRDParametricMapFP-pmap.nrrd" "paramap2itkimageTest" "--inputDICOM" "/home/jcfr/Projects/dcmqi-Release/dcmqi-build/Testing/Temporary/pmap/paramap-float.dcm" "--outputDirectory" "/home/jcfr/Projects/dcmqi-Release/dcmqi-build/Testing/Temporary/pmap" "--prefix" "makeNRRDParametricMapFP"</FullCommandLine>
			<Results>
				<NamedMeasurement name="BaselineImageName" type="text/string">
					<Value>pm-example-float.nrrd</Value>
				</NamedMeasurement>
				<NamedMeasurement type="numeric/double" name="Execution Time">
					<Value>0.189096</Value>
				</NamedMeasurement>
				<NamedMeasurement type="text/string" name="Completion Status">
					<Value>Completed</Value>
				</NamedMeasurement>
				<NamedMeasurement type="text/string" name="Command Line">
					<Value>/home/jcfr/Projects/dcmqi-Release/dcmqi-build/bin/paramap2itkimageTest "--compare" "/home/jcfr/Projects/dcmqi/data/paramaps//pm-example-float.nrrd" "/home/jcfr/Projects/dcmqi-Release/dcmqi-build/Testing/Temporary/pmap/makeNRRDParametricMapFP-pmap.nrrd" "paramap2itkimageTest" "--inputDICOM" "/home/jcfr/Projects/dcmqi-Release/dcmqi-build/Testing/Temporary/pmap/paramap-float.dcm" "--outputDirectory" "/home/jcfr/Projects/dcmqi-Release/dcmqi-build/Testing/Temporary/pmap" "--prefix" "makeNRRDParametricMapFP"</Value>
				</NamedMeasurement>
				<Measurement>
					<Value>dcmqi repository URL: git@github.com:QIICR/dcmqi.git revision: 5c8e323 tag: latest-2-g5c8e323
Opening input file /home/jcfr/Projects/dcmqi-Release/dcmqi-build/Testing/Temporary/pmap/paramap-float.dcm
Row direction: 0.999981 0.00480058 0.00387751
Col direction: -0.00540165 0.984755 0.173861
Z direction: -0.00298377 -0.173879 0.984763
Total frames: 20
Total frames with unique IPP: 20
Total overlapping frames: 0
Origin: [-90.0225, -108.462, -43.9748]

</Value>
				</Measurement>
			</Results>
			<Labels>
				<Label>paramap</Label>
			</Labels>
		</Test>
		<Test Status="passed">
			<Name>tid1500_meta_roundtrip</Name>
			<Path>./apps/sr/Testing</Path>
			<FullName>./apps/sr/Testing/tid1500_meta_roundtrip</FullName>
			<FullCommandLine>/usr/bin/python "/home/jcfr/Projects/dcmqi/util/comparejson.py" "/home/jcfr/Projects/dcmqi/doc/examples/sr-tid1500-ct-liver-example.json" "/home/jcfr/Projects/dcmqi-Release/dcmqi-build/Testing/Temporary/tid1500/sr-tid1500-ct-liver-example.json" "['activitySession', 'timePoint', 'imageLibrary', 'compositeContext']"</FullCommandLine>
			<Results>
				<NamedMeasurement type="numeric/double" name="Execution Time">
					<Value>0.0861371</Value>
				</NamedMeasurement>
				<NamedMeasurement type="text/string" name="Completion Status">
					<Value>Completed</Value>
				</NamedMeasurement>
				<NamedMeasurement type="text/string" name="Command Line">
					<Value>/usr/bin/python "/home/jcfr/Projects/dcmqi/util/comparejson.py" "/home/jcfr/Projects/dcmqi/doc/examples/sr-tid1500-ct-liver-example.json" "/home/jcfr/Projects/dcmqi-Release/dcmqi-build/Testing/Temporary/tid1500/sr-tid1500-ct-liver-example.json" "['activitySession', 'timePoint', 'imageLibrary', 'compositeContext']"</Value>
				</NamedMeasurement>
				<Measurement>
					<Value></Value>
				</Measurement>
			</Results>
			<Labels>
				<Label>tid1500reader</Label>
			</Labels>
		</Test>
		<Test Status="passed">
			<Name>paramap_FP_meta_roundtrip</Name>
			<Path>./apps/paramaps/Testing</Path>
			<FullName>./apps/paramaps/Testing/paramap_FP_meta_roundtrip</FullName>
			<FullCommandLine>/usr/bin/python "/home/jcfr/Projects/dcmqi/util/comparejson.py" "/home/jcfr/Projects/dcmqi/doc/examples/pm-example-float.json" "/home/jcfr/Projects/dcmqi-Release/dcmqi-build/Testing/Temporary/pmap/makeNRRDParametricMapFP-meta.json"</FullCommandLine>
			<Results>
				<NamedMeasurement type="numeric/double" name="Execution Time">
					<Value>0.00937819</Value>
				</NamedMeasurement>
				<NamedMeasurement type="text/string" name="Completion Status">
					<Value>Completed</Value>
				</NamedMeasurement>
				<NamedMeasurement type="text/string" name="Command Line">
					<Value>/usr/bin/python "/home/jcfr/Projects/dcmqi/util/comparejson.py" "/home/jcfr/Projects/dcmqi/doc/examples/pm-example-float.json" "/home/jcfr/Projects/dcmqi-Release/dcmqi-build/Testing/Temporary/pmap/makeNRRDParametricMapFP-meta.json"</Value>
				</NamedMeasurement>
				<Measurement>
					<Value></Value>
				</Measurement>
			</Results>
			<Labels>
				<Label>paramap</Label>
			</Labels>
		</Test>
		<EndDateTime>Apr 24 11:40 EDT</EndDateTime>
		<EndTestTime>1493048458</EndTestTime>
		<ElapsedMinutes>0</ElapsedMinutes>
	</Testing>
</Site>
